Using pre-set license
Built from '2022.3/staging' branch; Version is '2022.3.47f1 (88c277b85d21) revision 8962679'; Using compiler version '192829333'; Build Type 'Release'
OS: 'Windows 11  (10.0.22631) 64bit Core' Language: 'en' Physical Memory: 14188 MB
BatchMode: 1, IsHumanControllingUs: 0, StartBugReporterOnCrash: 0, Is64bit: 1, IsPro: 1

COMMAND LINE ARGUMENTS:
C:\Program Files\Unity\Hub\Editor\2022.3.47f1\Editor\Unity.exe
-adb2
-batchMode
-noUpm
-name
AssetImportWorker2
-projectPath
C:/Users/hanss/School/Dataspel
-logFile
Logs/AssetImportWorker2.log
-srvPort
60486
Successfully changed project path to: C:/Users/hanss/School/Dataspel
C:/Users/hanss/School/Dataspel
[UnityMemory] Configuration Parameters - Can be set up in boot.config
    "memorysetup-bucket-allocator-granularity=16"
    "memorysetup-bucket-allocator-bucket-count=8"
    "memorysetup-bucket-allocator-block-size=33554432"
    "memorysetup-bucket-allocator-block-count=8"
    "memorysetup-main-allocator-block-size=16777216"
    "memorysetup-thread-allocator-block-size=16777216"
    "memorysetup-gfx-main-allocator-block-size=16777216"
    "memorysetup-gfx-thread-allocator-block-size=16777216"
    "memorysetup-cache-allocator-block-size=4194304"
    "memorysetup-typetree-allocator-block-size=2097152"
    "memorysetup-profiler-bucket-allocator-granularity=16"
    "memorysetup-profiler-bucket-allocator-bucket-count=8"
    "memorysetup-profiler-bucket-allocator-block-size=33554432"
    "memorysetup-profiler-bucket-allocator-block-count=8"
    "memorysetup-profiler-allocator-block-size=16777216"
    "memorysetup-profiler-editor-allocator-block-size=1048576"
    "memorysetup-temp-allocator-size-main=16777216"
    "memorysetup-job-temp-allocator-block-size=2097152"
    "memorysetup-job-temp-allocator-block-size-background=1048576"
    "memorysetup-job-temp-allocator-reduction-small-platforms=262144"
    "memorysetup-allocator-temp-initial-block-size-main=262144"
    "memorysetup-allocator-temp-initial-block-size-worker=262144"
    "memorysetup-temp-allocator-size-background-worker=32768"
    "memorysetup-temp-allocator-size-job-worker=262144"
    "memorysetup-temp-allocator-size-preload-manager=33554432"
    "memorysetup-temp-allocator-size-nav-mesh-worker=65536"
    "memorysetup-temp-allocator-size-audio-worker=65536"
    "memorysetup-temp-allocator-size-cloud-worker=32768"
    "memorysetup-temp-allocator-size-gi-baking-worker=262144"
    "memorysetup-temp-allocator-size-gfx=262144"
Player connection [2680]  Target information:

Player connection [2680]  * "[IP] 10.0.37.201 [Port] 0 [Flags] 2 [Guid] 899216829 [EditorId] 899216829 [Version] 1048832 [Id] WindowsEditor(7,Potatis) [Debug] 1 [PackageName] WindowsEditor [ProjectName] Editor" 

Player connection [2680] Host joined multi-casting on [225.0.0.222:54997]...
Player connection [2680] Host joined alternative multi-casting on [225.0.0.222:34997]...
[PhysX] Initialized MultithreadedTaskDispatcher with 16 workers.
Refreshing native plugins compatible for Editor in 18.74 ms, found 3 plugins.
Preloading 0 native plugins for Editor in 0.00 ms.
Initialize engine version: 2022.3.47f1 (88c277b85d21)
[Subsystems] Discovering subsystems at path C:/Program Files/Unity/Hub/Editor/2022.3.47f1/Editor/Data/Resources/UnitySubsystems
[Subsystems] Discovering subsystems at path C:/Users/hanss/School/Dataspel/Assets
GfxDevice: creating device client; threaded=0; jobified=0
Direct3D:
    Version:  Direct3D 11.0 [level 11.1]
    Renderer: AMD Radeon (TM) Graphics (ID=0x15e7)
    Vendor:   ATI
    VRAM:     7094 MB
    Driver:   31.0.21912.3005
Initialize mono
Mono path[0] = 'C:/Program Files/Unity/Hub/Editor/2022.3.47f1/Editor/Data/Managed'
Mono path[1] = 'C:/Program Files/Unity/Hub/Editor/2022.3.47f1/Editor/Data/MonoBleedingEdge/lib/mono/unityjit-win32'
Mono config path = 'C:/Program Files/Unity/Hub/Editor/2022.3.47f1/Editor/Data/MonoBleedingEdge/etc'
Using monoOptions --debugger-agent=transport=dt_socket,embedding=1,server=y,suspend=n,address=127.0.0.1:56968
Begin MonoManager ReloadAssembly
Registering precompiled unity dll's ...
Register platform support module: C:/Program Files/Unity/Hub/Editor/2022.3.47f1/Editor/Data/PlaybackEngines/WindowsStandaloneSupport/UnityEditor.WindowsStandalone.Extensions.dll
Registered in 0.012740 seconds.
- Loaded All Assemblies, in  0.664 seconds
Native extension for WindowsStandalone target not found
Mono: successfully reloaded assembly
- Finished resetting the current domain, in  0.513 seconds
Domain Reload Profiling: 1175ms
	BeginReloadAssembly (199ms)
		ExecutionOrderSort (0ms)
		DisableScriptedObjects (0ms)
		BackupInstance (0ms)
		ReleaseScriptingObjects (0ms)
		CreateAndSetChildDomain (2ms)
	RebuildCommonClasses (59ms)
	RebuildNativeTypeToScriptingClass (15ms)
	initialDomainReloadingComplete (113ms)
	LoadAllAssembliesAndSetupDomain (276ms)
		LoadAssemblies (195ms)
		RebuildTransferFunctionScriptingTraits (0ms)
		AnalyzeDomain (272ms)
			TypeCache.Refresh (269ms)
				TypeCache.ScanAssembly (250ms)
			ScanForSourceGeneratedMonoScriptInfo (1ms)
			ResolveRequiredComponents (1ms)
	FinalizeReload (514ms)
		ReleaseScriptCaches (0ms)
		RebuildScriptCaches (0ms)
		SetupLoadedEditorAssemblies (419ms)
			LogAssemblyErrors (0ms)
			InitializePlatformSupportModulesInManaged (17ms)
			SetLoadedEditorAssemblies (13ms)
			RefreshPlugins (0ms)
			BeforeProcessingInitializeOnLoad (3ms)
			ProcessInitializeOnLoadAttributes (289ms)
			ProcessInitializeOnLoadMethodAttributes (96ms)
			AfterProcessingInitializeOnLoad (0ms)
			EditorAssembliesLoaded (0ms)
		ExecutionOrderSort2 (0ms)
		AwakeInstancesAfterBackupRestoration (0ms)
========================================================================
Worker process is ready to serve import requests
Caller must complete domain reload
Begin MonoManager ReloadAssembly
- Loaded All Assemblies, in  0.910 seconds
Native extension for WindowsStandalone target not found
Mono: successfully reloaded assembly
- Finished resetting the current domain, in  0.924 seconds
Domain Reload Profiling: 1832ms
	BeginReloadAssembly (247ms)
		ExecutionOrderSort (0ms)
		DisableScriptedObjects (10ms)
		BackupInstance (0ms)
		ReleaseScriptingObjects (0ms)
		CreateAndSetChildDomain (43ms)
	RebuildCommonClasses (42ms)
	RebuildNativeTypeToScriptingClass (15ms)
	initialDomainReloadingComplete (59ms)
	LoadAllAssembliesAndSetupDomain (545ms)
		LoadAssemblies (421ms)
		RebuildTransferFunctionScriptingTraits (0ms)
		AnalyzeDomain (258ms)
			TypeCache.Refresh (228ms)
				TypeCache.ScanAssembly (198ms)
			ScanForSourceGeneratedMonoScriptInfo (20ms)
			ResolveRequiredComponents (7ms)
	FinalizeReload (924ms)
		ReleaseScriptCaches (0ms)
		RebuildScriptCaches (0ms)
		SetupLoadedEditorAssemblies (717ms)
			LogAssemblyErrors (0ms)
			InitializePlatformSupportModulesInManaged (9ms)
			SetLoadedEditorAssemblies (6ms)
			RefreshPlugins (0ms)
			BeforeProcessingInitializeOnLoad (94ms)
			ProcessInitializeOnLoadAttributes (568ms)
			ProcessInitializeOnLoadMethodAttributes (31ms)
			AfterProcessingInitializeOnLoad (8ms)
			EditorAssembliesLoaded (0ms)
		ExecutionOrderSort2 (0ms)
		AwakeInstancesAfterBackupRestoration (11ms)
Launched and connected shader compiler UnityShaderCompiler.exe after 0.08 seconds
Refreshing native plugins compatible for Editor in 5.59 ms, found 3 plugins.
Preloading 0 native plugins for Editor in 0.00 ms.
Unloading 3119 Unused Serialized files (Serialized files now loaded: 0)
Unloading 19 unused Assets / (54.5 KB). Loaded Objects now: 3594.
Memory consumption went from 120.2 MB to 120.2 MB.
Total: 4.034700 ms (FindLiveObjects: 0.301800 ms CreateObjectMapping: 0.154000 ms MarkObjects: 3.423600 ms  DeleteObjects: 0.154000 ms)

AssetImportParameters requested are different than current active one (requested -> active):
  custom:container-demuxer-ogg: 62fdf1f143b41e24485cea50d1cbac27 -> 
  custom:scripting/monoscript/fileName/opencloseWindow1.cs: 63fb56f515dc31cec56a392cba8ac685 -> b8ef980e6441956a79c6513726347f03
  custom:video-codec-MediaFoundation-h265: 746d11721c4dcdbdad8f713fa42b33f4 -> 
  custom:scripting/monoscript/fileName/Drawer_Pull_Zopp.cs: 456e061cbd58b6cb25f23854a8439788 -> 679f63664c0d35a074a299175244e7b3
  custom:scripting/monoscript/fileName/SceneSwitchGen.cs: f7fd80ba62c4f10cd109cd3986e8ff9d -> e2fa2e395fb0a4f57c79057cd1bf70b4
  custom:video-decoder-ogg-theora: a1e56fd34408186e4bbccfd4996cb3dc -> 
  custom:framework-win-MediaFoundation: 216162199b28c13a410421893ffa2e32 -> 
  custom:scripting/monoscript/fileName/opencloseStallDoor.cs: 042a1329bc418be840d49f70c0e595cc -> b2cc76d774b11ac41c774bcc2c8b2f70
  custom:scripting/monoscript/fileName/ClosetopencloseDoor.cs: f49d9ee4f79ae1f1bc5ba5f20dfe6317 -> 0b380389e67d7828d8e184de4c1c0ad2
  custom:scripting/monoscript/fileName/opencloseSlide.cs: c48620a399d860948fe61288354fb4ec -> 594395316421784e65dc3d7899a91b5e
  custom:CustomObjectIndexerAttribute: 9a22284fe3817be447336de3de66b15e -> 
  custom:container-demuxer-webm: 4f35f7cbe854078d1ac9338744f61a02 -> 
  custom:scripting/monoscript/fileName/TableFlipR.cs: d3b8bd6ca31e517adbae4b7d3cc21e4d -> 85655e0e4992257c1854db936cf9ddd6
  custom:container-muxer-webm: aa71ff27fc2769a1b78a27578f13a17b -> 
  custom:video-decoder-webm-vp8: 9c59270c3fd7afecdb556c50c9e8de78 -> 
  custom:scripting/monoscript/fileName/opencloseWindow.cs: 9c79eead516675144135573f97b515c2 -> 5d2bb495b1b156123c30fcedda668244
  custom:SearchIndexIgnoredProperties: e643bd26f0fe6173181afceb89e7c659 -> 
  custom:AudioImporter_EditorPlatform: d09bf68614088b80899f8185d706f6e7 -> 
  custom:scripting/monoscript/fileName/opencloseDoor1.cs: 1aef6e1ed23ae6ab36fde7435418d209 -> 9ca7eece2cd34182af62fc40441e8e61
  custom:scripting/monoscript/fileName/MouseLook.cs: 958c97a775d8d0f373b49d05e31eff20 -> 1ba145d44180a157c021b1ee299cf3af
  custom:scripting/monoscript/fileName/BRGlassDoor.cs: 561a11dd6ceab5b29e687ce2b416d7d0 -> fa91b048107661751e9e8c2a68aebb8c
  custom:video-encoder-webm-vp8: eb34c28f22e8b96e1ab97ce403110664 -> 
  custom:scripting/monoscript/fileName/Drawer_Pull_Z.cs: 0d3837d8a94de459551782d105d0c47e -> dfe7ef6d3770f0996e697d54d4616a7c
  custom:audio-decoder-ogg-vorbis: bf7c407c2cedff20999df2af8eb42d56 -> 
  custom:scripting/monoscript/fileName/TableFlipL.cs: 94ad936671d8c396cc572d321bff3582 -> 8c15f920c6b602bd92ca44431d939f5a
  custom:scripting/monoscript/fileName/opencloseWindowApt.cs: d7874d0374700154a6cb10ac79131443 -> 29d9be07f21d5a5b088d23cf654c44d9
  custom:scripting/monoscript/fileName/PlayerMovement.cs: 00a202587d2467e315e32d6658173c79 -> f02a5d0d47fd612dc9ee18654184cc29
  custom:audio-encoder-webm-vorbis: bf7c407c2cedff20999df2af8eb42d56 -> 
  custom:scripting/monoscript/fileName/Drawer_Pull_X.cs: 06744e77dd593318b0a585299ce682e1 -> 0411f49002785abe9e268fdb1cdc821d
  custom:scripting/monoscript/fileName/OvenFlip.cs: 9ce157e50f76f40f5d4991be6059bfbc -> fbbd1f961b689a756f1549afac22a091
  custom:scripting/monoscript/fileName/opencloseDoor.cs: 952944322cb623f92b29fc6742263235 -> 7c3f712554e0b6a08e96f0f0294c2d30
  custom:scripting/monoscript/fileName/Quitgame.cs: d33380894385265a14c48f0b7663fb06 -> ab1225a07e1af0a6cf04bd7bb673ed6c
========================================================================
Received Import Request.
  Time since last request: 601368.354346 seconds.
  path: Assets/Scenes/Brick Project Studio/Apartment Kit/Common/Scripts & Animation/TableFlip
  artifactKey: Guid(7e045269bf051e64992c213333fb24ab) Importer(815301076,1909f56bfc062723c751e8b465ee728b)
Start importing Assets/Scenes/Brick Project Studio/Apartment Kit/Common/Scripts & Animation/TableFlip using Guid(7e045269bf051e64992c213333fb24ab) Importer(815301076,1909f56bfc062723c751e8b465ee728b) [PhysX] Initialized MultithreadedTaskDispatcher with 16 workers.
 -> (artifact id: 'ef22a2447627fd24d9c0b4042685ada6') in 0.003757 seconds
Number of updated asset objects reloaded before import = 0
Number of asset objects unloaded after import = 0
========================================================================
Received Import Request.
  Time since last request: 19.442598 seconds.
  path: Assets/Scenes/Brick Project Studio/_BPS Basic Assets/Common
  artifactKey: Guid(fb45e9e13a1072940b2100c8ce370c4e) Importer(815301076,1909f56bfc062723c751e8b465ee728b)
Start importing Assets/Scenes/Brick Project Studio/_BPS Basic Assets/Common using Guid(fb45e9e13a1072940b2100c8ce370c4e) Importer(815301076,1909f56bfc062723c751e8b465ee728b) [PhysX] Initialized MultithreadedTaskDispatcher with 16 workers.
 -> (artifact id: 'aa871b941b6b0bfb32ffb8e8465f7fa3') in 0.000979 seconds
Number of updated asset objects reloaded before import = 0
Number of asset objects unloaded after import = 0
========================================================================
Received Import Request.
  Time since last request: 1.572816 seconds.
  path: Assets/Scenes/Brick Project Studio/_BPS Basic Assets/Common/Models
  artifactKey: Guid(0238337b50b4fb840b7948eada9f0c61) Importer(815301076,1909f56bfc062723c751e8b465ee728b)
Start importing Assets/Scenes/Brick Project Studio/_BPS Basic Assets/Common/Models using Guid(0238337b50b4fb840b7948eada9f0c61) Importer(815301076,1909f56bfc062723c751e8b465ee728b) [PhysX] Initialized MultithreadedTaskDispatcher with 16 workers.
 -> (artifact id: '8866e267d2eea0869d9ad8e78c242645') in 0.000835 seconds
Number of updated asset objects reloaded before import = 0
Number of asset objects unloaded after import = 0
========================================================================
Received Import Request.
  Time since last request: 0.072481 seconds.
  path: Assets/Scenes/Brick Project Studio/_BPS Basic Assets/Common/Models/BA_Ceiling Light_01.fbx
  artifactKey: Guid(f10ecbc237630d9469cea29121d074f4) Importer(815301076,1909f56bfc062723c751e8b465ee728b)
Start importing Assets/Scenes/Brick Project Studio/_BPS Basic Assets/Common/Models/BA_Ceiling Light_01.fbx using Guid(f10ecbc237630d9469cea29121d074f4) Importer(815301076,1909f56bfc062723c751e8b465ee728b) [PhysX] Initialized MultithreadedTaskDispatcher with 16 workers.
[PhysX] Initialized MultithreadedTaskDispatcher with 16 workers.
[PhysX] Initialized MultithreadedTaskDispatcher with 16 workers.
[PhysX] Initialized MultithreadedTaskDispatcher with 16 workers.
[PhysX] Initialized MultithreadedTaskDispatcher with 16 workers.
[PhysX] Initialized MultithreadedTaskDispatcher with 16 workers.
 -> (artifact id: 'd93b1f73b2a952cba10439caeaf3df65') in 0.314047 seconds
Number of updated asset objects reloaded before import = 0
Number of asset objects unloaded after import = 13
========================================================================
Received Import Request.
  Time since last request: 4.640817 seconds.
  path: Assets/Scenes/Brick Project Studio/_BPS Basic Assets/_Prefabs/Base Scene
  artifactKey: Guid(1ccf763dc0d9fbf4cafdb919842ae4eb) Importer(815301076,1909f56bfc062723c751e8b465ee728b)
Start importing Assets/Scenes/Brick Project Studio/_BPS Basic Assets/_Prefabs/Base Scene using Guid(1ccf763dc0d9fbf4cafdb919842ae4eb) Importer(815301076,1909f56bfc062723c751e8b465ee728b) [PhysX] Initialized MultithreadedTaskDispatcher with 16 workers.
 -> (artifact id: 'f932f3c14356269b404d7b5a6274f291') in 0.000681 seconds
Number of updated asset objects reloaded before import = 0
Number of asset objects unloaded after import = 0
========================================================================
Received Import Request.
  Time since last request: 0.053495 seconds.
  path: Assets/Scenes/Brick Project Studio/_BPS Basic Assets/_Prefabs/Base Scene/BA_Concrete Plane.prefab
  artifactKey: Guid(0a39e6bc93e859145a2f868ff0277c31) Importer(815301076,1909f56bfc062723c751e8b465ee728b)
Start importing Assets/Scenes/Brick Project Studio/_BPS Basic Assets/_Prefabs/Base Scene/BA_Concrete Plane.prefab using Guid(0a39e6bc93e859145a2f868ff0277c31) Importer(815301076,1909f56bfc062723c751e8b465ee728b) [PhysX] Initialized MultithreadedTaskDispatcher with 16 workers.
[PhysX] Initialized MultithreadedTaskDispatcher with 16 workers.
 -> (artifact id: '665b74c7a90e70490197079be71e1f6a') in 0.367015 seconds
Number of updated asset objects reloaded before import = 0
Number of asset objects unloaded after import = 10
========================================================================
Received Import Request.
  Time since last request: 20.603011 seconds.
  path: Assets/Scenes/Brick Project Studio/Apartment Kit/Scenes/Scene_02.unity
  artifactKey: Guid(9b5aa6428ba7a6246bd201ba8d95cebe) Importer(815301076,1909f56bfc062723c751e8b465ee728b)
Start importing Assets/Scenes/Brick Project Studio/Apartment Kit/Scenes/Scene_02.unity using Guid(9b5aa6428ba7a6246bd201ba8d95cebe) Importer(815301076,1909f56bfc062723c751e8b465ee728b) [PhysX] Initialized MultithreadedTaskDispatcher with 16 workers.
 -> (artifact id: 'bea15dcf90f50ff17c39099bc18ff13b') in 0.001472 seconds
Number of updated asset objects reloaded before import = 0
Number of asset objects unloaded after import = 0
========================================================================
Received Prepare
Caller must complete domain reload
Begin MonoManager ReloadAssembly
- Loaded All Assemblies, in  0.536 seconds
Native extension for WindowsStandalone target not found
Mono: successfully reloaded assembly
- Finished resetting the current domain, in  1.183 seconds
Domain Reload Profiling: 1715ms
	BeginReloadAssembly (197ms)
		ExecutionOrderSort (0ms)
		DisableScriptedObjects (8ms)
		BackupInstance (0ms)
		ReleaseScriptingObjects (0ms)
		CreateAndSetChildDomain (56ms)
	RebuildCommonClasses (43ms)
	RebuildNativeTypeToScriptingClass (20ms)
	initialDomainReloadingComplete (34ms)
	LoadAllAssembliesAndSetupDomain (238ms)
		LoadAssemblies (323ms)
		RebuildTransferFunctionScriptingTraits (0ms)
		AnalyzeDomain (13ms)
			TypeCache.Refresh (5ms)
				TypeCache.ScanAssembly (0ms)
			ScanForSourceGeneratedMonoScriptInfo (0ms)
			ResolveRequiredComponents (7ms)
	FinalizeReload (1183ms)
		ReleaseScriptCaches (0ms)
		RebuildScriptCaches (0ms)
		SetupLoadedEditorAssemblies (563ms)
			LogAssemblyErrors (0ms)
			InitializePlatformSupportModulesInManaged (9ms)
			SetLoadedEditorAssemblies (7ms)
			RefreshPlugins (0ms)
			BeforeProcessingInitializeOnLoad (79ms)
			ProcessInitializeOnLoadAttributes (432ms)
			ProcessInitializeOnLoadMethodAttributes (27ms)
			AfterProcessingInitializeOnLoad (10ms)
			EditorAssembliesLoaded (0ms)
		ExecutionOrderSort2 (0ms)
		AwakeInstancesAfterBackupRestoration (11ms)
Refreshing native plugins compatible for Editor in 3.51 ms, found 3 plugins.
Preloading 0 native plugins for Editor in 0.00 ms.
Unloading 3111 Unused Serialized files (Serialized files now loaded: 0)
Unloading 14 unused Assets / (28.5 KB). Loaded Objects now: 3642.
Memory consumption went from 123.8 MB to 123.8 MB.
Total: 4.574400 ms (FindLiveObjects: 0.480200 ms CreateObjectMapping: 0.174700 ms MarkObjects: 3.802700 ms  DeleteObjects: 0.115800 ms)

Prepare: number of updated asset objects reloaded= 0
AssetImportParameters requested are different than current active one (requested -> active):
  custom:container-demuxer-ogg: 62fdf1f143b41e24485cea50d1cbac27 -> 
  custom:scripting/monoscript/fileName/opencloseWindow1.cs: 63fb56f515dc31cec56a392cba8ac685 -> b8ef980e6441956a79c6513726347f03
  custom:video-codec-MediaFoundation-h265: 746d11721c4dcdbdad8f713fa42b33f4 -> 
  custom:scripting/monoscript/fileName/Drawer_Pull_Zopp.cs: 456e061cbd58b6cb25f23854a8439788 -> 679f63664c0d35a074a299175244e7b3
  custom:scripting/monoscript/fileName/SceneSwitchGen.cs: f7fd80ba62c4f10cd109cd3986e8ff9d -> e2fa2e395fb0a4f57c79057cd1bf70b4
  custom:video-decoder-ogg-theora: a1e56fd34408186e4bbccfd4996cb3dc -> 
  custom:framework-win-MediaFoundation: 216162199b28c13a410421893ffa2e32 -> 
  custom:scripting/monoscript/fileName/opencloseStallDoor.cs: 042a1329bc418be840d49f70c0e595cc -> b2cc76d774b11ac41c774bcc2c8b2f70
  custom:scripting/monoscript/fileName/ClosetopencloseDoor.cs: f49d9ee4f79ae1f1bc5ba5f20dfe6317 -> 0b380389e67d7828d8e184de4c1c0ad2
  custom:scripting/monoscript/fileName/opencloseSlide.cs: c48620a399d860948fe61288354fb4ec -> 594395316421784e65dc3d7899a91b5e
  custom:CustomObjectIndexerAttribute: 9a22284fe3817be447336de3de66b15e -> 
  custom:container-demuxer-webm: 4f35f7cbe854078d1ac9338744f61a02 -> 
  custom:scripting/monoscript/fileName/TableFlipR.cs: d3b8bd6ca31e517adbae4b7d3cc21e4d -> 85655e0e4992257c1854db936cf9ddd6
  custom:container-muxer-webm: aa71ff27fc2769a1b78a27578f13a17b -> 
  custom:video-decoder-webm-vp8: 9c59270c3fd7afecdb556c50c9e8de78 -> 
  custom:scripting/monoscript/fileName/opencloseWindow.cs: 9c79eead516675144135573f97b515c2 -> 5d2bb495b1b156123c30fcedda668244
  custom:SearchIndexIgnoredProperties: e643bd26f0fe6173181afceb89e7c659 -> 
  custom:AudioImporter_EditorPlatform: d09bf68614088b80899f8185d706f6e7 -> 
  custom:scripting/monoscript/fileName/opencloseDoor1.cs: 1aef6e1ed23ae6ab36fde7435418d209 -> 9ca7eece2cd34182af62fc40441e8e61
  custom:scripting/monoscript/fileName/MouseLook.cs: 958c97a775d8d0f373b49d05e31eff20 -> 1ba145d44180a157c021b1ee299cf3af
  custom:scripting/monoscript/fileName/BRGlassDoor.cs: 561a11dd6ceab5b29e687ce2b416d7d0 -> fa91b048107661751e9e8c2a68aebb8c
  custom:video-encoder-webm-vp8: eb34c28f22e8b96e1ab97ce403110664 -> 
  custom:scripting/monoscript/fileName/Drawer_Pull_Z.cs: 0d3837d8a94de459551782d105d0c47e -> dfe7ef6d3770f0996e697d54d4616a7c
  custom:audio-decoder-ogg-vorbis: bf7c407c2cedff20999df2af8eb42d56 -> 
  custom:scripting/monoscript/fileName/TableFlipL.cs: 94ad936671d8c396cc572d321bff3582 -> 8c15f920c6b602bd92ca44431d939f5a
  custom:scripting/monoscript/fileName/opencloseWindowApt.cs: d7874d0374700154a6cb10ac79131443 -> 29d9be07f21d5a5b088d23cf654c44d9
  custom:scripting/monoscript/fileName/PlayerMovement.cs: 00a202587d2467e315e32d6658173c79 -> f02a5d0d47fd612dc9ee18654184cc29
  custom:audio-encoder-webm-vorbis: bf7c407c2cedff20999df2af8eb42d56 -> 
  custom:scripting/monoscript/fileName/Drawer_Pull_X.cs: 06744e77dd593318b0a585299ce682e1 -> 0411f49002785abe9e268fdb1cdc821d
  custom:scripting/monoscript/fileName/OvenFlip.cs: 9ce157e50f76f40f5d4991be6059bfbc -> fbbd1f961b689a756f1549afac22a091
  custom:scripting/monoscript/fileName/opencloseDoor.cs: 952944322cb623f92b29fc6742263235 -> 7c3f712554e0b6a08e96f0f0294c2d30
  custom:scripting/monoscript/fileName/Quitgame.cs: d33380894385265a14c48f0b7663fb06 -> ab1225a07e1af0a6cf04bd7bb673ed6c
========================================================================
Received Prepare
Caller must complete domain reload
Begin MonoManager ReloadAssembly
- Loaded All Assemblies, in  0.525 seconds
Native extension for WindowsStandalone target not found
Mono: successfully reloaded assembly
- Finished resetting the current domain, in  1.194 seconds
Domain Reload Profiling: 1716ms
	BeginReloadAssembly (184ms)
		ExecutionOrderSort (0ms)
		DisableScriptedObjects (4ms)
		BackupInstance (0ms)
		ReleaseScriptingObjects (0ms)
		CreateAndSetChildDomain (36ms)
	RebuildCommonClasses (39ms)
	RebuildNativeTypeToScriptingClass (14ms)
	initialDomainReloadingComplete (36ms)
	LoadAllAssembliesAndSetupDomain (250ms)
		LoadAssemblies (348ms)
		RebuildTransferFunctionScriptingTraits (0ms)
		AnalyzeDomain (12ms)
			TypeCache.Refresh (5ms)
				TypeCache.ScanAssembly (0ms)
			ScanForSourceGeneratedMonoScriptInfo (0ms)
			ResolveRequiredComponents (5ms)
	FinalizeReload (1194ms)
		ReleaseScriptCaches (0ms)
		RebuildScriptCaches (0ms)
		SetupLoadedEditorAssemblies (593ms)
			LogAssemblyErrors (0ms)
			InitializePlatformSupportModulesInManaged (7ms)
			SetLoadedEditorAssemblies (6ms)
			RefreshPlugins (0ms)
			BeforeProcessingInitializeOnLoad (88ms)
			ProcessInitializeOnLoadAttributes (456ms)
			ProcessInitializeOnLoadMethodAttributes (30ms)
			AfterProcessingInitializeOnLoad (7ms)
			EditorAssembliesLoaded (0ms)
		ExecutionOrderSort2 (0ms)
		AwakeInstancesAfterBackupRestoration (9ms)
Refreshing native plugins compatible for Editor in 4.82 ms, found 3 plugins.
Preloading 0 native plugins for Editor in 0.00 ms.
Unloading 3112 Unused Serialized files (Serialized files now loaded: 0)
Unloading 14 unused Assets / (28.5 KB). Loaded Objects now: 3645.
Memory consumption went from 124.1 MB to 124.0 MB.
Total: 4.771900 ms (FindLiveObjects: 0.275500 ms CreateObjectMapping: 0.118800 ms MarkObjects: 4.284800 ms  DeleteObjects: 0.091300 ms)

Prepare: number of updated asset objects reloaded= 0
AssetImportParameters requested are different than current active one (requested -> active):
  custom:container-demuxer-ogg: 62fdf1f143b41e24485cea50d1cbac27 -> 
  custom:scripting/monoscript/fileName/opencloseWindow1.cs: 63fb56f515dc31cec56a392cba8ac685 -> b8ef980e6441956a79c6513726347f03
  custom:video-codec-MediaFoundation-h265: 746d11721c4dcdbdad8f713fa42b33f4 -> 
  custom:scripting/monoscript/fileName/Drawer_Pull_Zopp.cs: 456e061cbd58b6cb25f23854a8439788 -> 679f63664c0d35a074a299175244e7b3
  custom:scripting/monoscript/fileName/SceneSwitchGen.cs: f7fd80ba62c4f10cd109cd3986e8ff9d -> e2fa2e395fb0a4f57c79057cd1bf70b4
  custom:video-decoder-ogg-theora: a1e56fd34408186e4bbccfd4996cb3dc -> 
  custom:framework-win-MediaFoundation: 216162199b28c13a410421893ffa2e32 -> 
  custom:scripting/monoscript/fileName/opencloseStallDoor.cs: 042a1329bc418be840d49f70c0e595cc -> b2cc76d774b11ac41c774bcc2c8b2f70
  custom:scripting/monoscript/fileName/ClosetopencloseDoor.cs: f49d9ee4f79ae1f1bc5ba5f20dfe6317 -> 0b380389e67d7828d8e184de4c1c0ad2
  custom:scripting/monoscript/fileName/opencloseSlide.cs: c48620a399d860948fe61288354fb4ec -> 594395316421784e65dc3d7899a91b5e
  custom:CustomObjectIndexerAttribute: 9a22284fe3817be447336de3de66b15e -> 
  custom:container-demuxer-webm: 4f35f7cbe854078d1ac9338744f61a02 -> 
  custom:scripting/monoscript/fileName/TableFlipR.cs: d3b8bd6ca31e517adbae4b7d3cc21e4d -> 85655e0e4992257c1854db936cf9ddd6
  custom:container-muxer-webm: aa71ff27fc2769a1b78a27578f13a17b -> 
  custom:video-decoder-webm-vp8: 9c59270c3fd7afecdb556c50c9e8de78 -> 
  custom:scripting/monoscript/fileName/opencloseWindow.cs: 9c79eead516675144135573f97b515c2 -> 5d2bb495b1b156123c30fcedda668244
  custom:SearchIndexIgnoredProperties: e643bd26f0fe6173181afceb89e7c659 -> 
  custom:AudioImporter_EditorPlatform: d09bf68614088b80899f8185d706f6e7 -> 
  custom:scripting/monoscript/fileName/opencloseDoor1.cs: 1aef6e1ed23ae6ab36fde7435418d209 -> 9ca7eece2cd34182af62fc40441e8e61
  custom:scripting/monoscript/fileName/MouseLook.cs: 958c97a775d8d0f373b49d05e31eff20 -> 1ba145d44180a157c021b1ee299cf3af
  custom:scripting/monoscript/fileName/BRGlassDoor.cs: 561a11dd6ceab5b29e687ce2b416d7d0 -> fa91b048107661751e9e8c2a68aebb8c
  custom:video-encoder-webm-vp8: eb34c28f22e8b96e1ab97ce403110664 -> 
  custom:scripting/monoscript/fileName/Drawer_Pull_Z.cs: 0d3837d8a94de459551782d105d0c47e -> dfe7ef6d3770f0996e697d54d4616a7c
  custom:audio-decoder-ogg-vorbis: bf7c407c2cedff20999df2af8eb42d56 -> 
  custom:scripting/monoscript/fileName/TableFlipL.cs: 94ad936671d8c396cc572d321bff3582 -> 8c15f920c6b602bd92ca44431d939f5a
  custom:scripting/monoscript/fileName/opencloseWindowApt.cs: d7874d0374700154a6cb10ac79131443 -> 29d9be07f21d5a5b088d23cf654c44d9
  custom:scripting/monoscript/fileName/PlayerMovement.cs: 00a202587d2467e315e32d6658173c79 -> f02a5d0d47fd612dc9ee18654184cc29
  custom:audio-encoder-webm-vorbis: bf7c407c2cedff20999df2af8eb42d56 -> 
  custom:scripting/monoscript/fileName/Drawer_Pull_X.cs: 06744e77dd593318b0a585299ce682e1 -> 0411f49002785abe9e268fdb1cdc821d
  custom:scripting/monoscript/fileName/OvenFlip.cs: 9ce157e50f76f40f5d4991be6059bfbc -> fbbd1f961b689a756f1549afac22a091
  custom:scripting/monoscript/fileName/opencloseDoor.cs: 952944322cb623f92b29fc6742263235 -> 7c3f712554e0b6a08e96f0f0294c2d30
  custom:scripting/monoscript/fileName/Quitgame.cs: d33380894385265a14c48f0b7663fb06 -> ab1225a07e1af0a6cf04bd7bb673ed6c
========================================================================
Received Prepare
Caller must complete domain reload
Begin MonoManager ReloadAssembly
- Loaded All Assemblies, in  0.556 seconds
Native extension for WindowsStandalone target not found
Mono: successfully reloaded assembly
- Finished resetting the current domain, in  1.214 seconds
Domain Reload Profiling: 1768ms
	BeginReloadAssembly (212ms)
		ExecutionOrderSort (0ms)
		DisableScriptedObjects (5ms)
		BackupInstance (0ms)
		ReleaseScriptingObjects (0ms)
		CreateAndSetChildDomain (42ms)
	RebuildCommonClasses (49ms)
	RebuildNativeTypeToScriptingClass (19ms)
	initialDomainReloadingComplete (41ms)
	LoadAllAssembliesAndSetupDomain (232ms)
		LoadAssemblies (343ms)
		RebuildTransferFunctionScriptingTraits (0ms)
		AnalyzeDomain (16ms)
			TypeCache.Refresh (6ms)
				TypeCache.ScanAssembly (0ms)
			ScanForSourceGeneratedMonoScriptInfo (0ms)
			ResolveRequiredComponents (9ms)
	FinalizeReload (1215ms)
		ReleaseScriptCaches (0ms)
		RebuildScriptCaches (0ms)
		SetupLoadedEditorAssemblies (614ms)
			LogAssemblyErrors (0ms)
			InitializePlatformSupportModulesInManaged (11ms)
			SetLoadedEditorAssemblies (6ms)
			RefreshPlugins (0ms)
			BeforeProcessingInitializeOnLoad (83ms)
			ProcessInitializeOnLoadAttributes (479ms)
			ProcessInitializeOnLoadMethodAttributes (31ms)
			AfterProcessingInitializeOnLoad (6ms)
			EditorAssembliesLoaded (0ms)
		ExecutionOrderSort2 (0ms)
		AwakeInstancesAfterBackupRestoration (12ms)
Refreshing native plugins compatible for Editor in 3.26 ms, found 3 plugins.
Preloading 0 native plugins for Editor in 0.00 ms.
Unloading 3112 Unused Serialized files (Serialized files now loaded: 0)
Unloading 14 unused Assets / (28.5 KB). Loaded Objects now: 3648.
Memory consumption went from 124.1 MB to 124.0 MB.
Total: 3.376500 ms (FindLiveObjects: 0.294200 ms CreateObjectMapping: 0.119500 ms MarkObjects: 2.902000 ms  DeleteObjects: 0.059600 ms)

Prepare: number of updated asset objects reloaded= 0
AssetImportParameters requested are different than current active one (requested -> active):
  custom:container-demuxer-ogg: 62fdf1f143b41e24485cea50d1cbac27 -> 
  custom:scripting/monoscript/fileName/opencloseWindow1.cs: 63fb56f515dc31cec56a392cba8ac685 -> b8ef980e6441956a79c6513726347f03
  custom:video-codec-MediaFoundation-h265: 746d11721c4dcdbdad8f713fa42b33f4 -> 
  custom:scripting/monoscript/fileName/Drawer_Pull_Zopp.cs: 456e061cbd58b6cb25f23854a8439788 -> 679f63664c0d35a074a299175244e7b3
  custom:scripting/monoscript/fileName/SceneSwitchGen.cs: f7fd80ba62c4f10cd109cd3986e8ff9d -> e2fa2e395fb0a4f57c79057cd1bf70b4
  custom:video-decoder-ogg-theora: a1e56fd34408186e4bbccfd4996cb3dc -> 
  custom:framework-win-MediaFoundation: 216162199b28c13a410421893ffa2e32 -> 
  custom:scripting/monoscript/fileName/opencloseStallDoor.cs: 042a1329bc418be840d49f70c0e595cc -> b2cc76d774b11ac41c774bcc2c8b2f70
  custom:scripting/monoscript/fileName/ClosetopencloseDoor.cs: f49d9ee4f79ae1f1bc5ba5f20dfe6317 -> 0b380389e67d7828d8e184de4c1c0ad2
  custom:scripting/monoscript/fileName/opencloseSlide.cs: c48620a399d860948fe61288354fb4ec -> 594395316421784e65dc3d7899a91b5e
  custom:CustomObjectIndexerAttribute: 9a22284fe3817be447336de3de66b15e -> 
  custom:container-demuxer-webm: 4f35f7cbe854078d1ac9338744f61a02 -> 
  custom:scripting/monoscript/fileName/TableFlipR.cs: d3b8bd6ca31e517adbae4b7d3cc21e4d -> 85655e0e4992257c1854db936cf9ddd6
  custom:container-muxer-webm: aa71ff27fc2769a1b78a27578f13a17b -> 
  custom:video-decoder-webm-vp8: 9c59270c3fd7afecdb556c50c9e8de78 -> 
  custom:scripting/monoscript/fileName/opencloseWindow.cs: 9c79eead516675144135573f97b515c2 -> 5d2bb495b1b156123c30fcedda668244
  custom:SearchIndexIgnoredProperties: e643bd26f0fe6173181afceb89e7c659 -> 
  custom:AudioImporter_EditorPlatform: d09bf68614088b80899f8185d706f6e7 -> 
  custom:scripting/monoscript/fileName/opencloseDoor1.cs: 1aef6e1ed23ae6ab36fde7435418d209 -> 9ca7eece2cd34182af62fc40441e8e61
  custom:scripting/monoscript/fileName/MouseLook.cs: 958c97a775d8d0f373b49d05e31eff20 -> 1ba145d44180a157c021b1ee299cf3af
  custom:scripting/monoscript/fileName/BRGlassDoor.cs: 561a11dd6ceab5b29e687ce2b416d7d0 -> fa91b048107661751e9e8c2a68aebb8c
  custom:video-encoder-webm-vp8: eb34c28f22e8b96e1ab97ce403110664 -> 
  custom:scripting/monoscript/fileName/Drawer_Pull_Z.cs: 0d3837d8a94de459551782d105d0c47e -> dfe7ef6d3770f0996e697d54d4616a7c
  custom:audio-decoder-ogg-vorbis: bf7c407c2cedff20999df2af8eb42d56 -> 
  custom:scripting/monoscript/fileName/TableFlipL.cs: 94ad936671d8c396cc572d321bff3582 -> 8c15f920c6b602bd92ca44431d939f5a
  custom:scripting/monoscript/fileName/opencloseWindowApt.cs: d7874d0374700154a6cb10ac79131443 -> 29d9be07f21d5a5b088d23cf654c44d9
  custom:scripting/monoscript/fileName/PlayerMovement.cs: 00a202587d2467e315e32d6658173c79 -> f02a5d0d47fd612dc9ee18654184cc29
  custom:audio-encoder-webm-vorbis: bf7c407c2cedff20999df2af8eb42d56 -> 
  custom:scripting/monoscript/fileName/Drawer_Pull_X.cs: 06744e77dd593318b0a585299ce682e1 -> 0411f49002785abe9e268fdb1cdc821d
  custom:scripting/monoscript/fileName/OvenFlip.cs: 9ce157e50f76f40f5d4991be6059bfbc -> fbbd1f961b689a756f1549afac22a091
  custom:scripting/monoscript/fileName/opencloseDoor.cs: 952944322cb623f92b29fc6742263235 -> 7c3f712554e0b6a08e96f0f0294c2d30
  custom:scripting/monoscript/fileName/Quitgame.cs: d33380894385265a14c48f0b7663fb06 -> ab1225a07e1af0a6cf04bd7bb673ed6c
